<?xml version="1.0" encoding="UTF-8"?>
<!-- Generated by org.testng.reporters.JUnitReportReporter -->
<testsuite hostname="Rajni-PC" name="test.TC_01_loginTest" tests="1" failures="0" timestamp="11 Mar 2019 15:04:25 GMT" time="30.170" errors="0">
  <testcase name="loginTest" time="30.170" classname="test.TC_01_loginTest"/>
</testsuite> <!-- test.TC_01_loginTest -->
