<?xml version="1.0" encoding="UTF-8"?>
<!-- Generated by org.testng.reporters.JUnitReportReporter -->
<testsuite hostname="Rajni-PC" name="test.TC_03_Ammount_Deposit_test" tests="1" failures="0" timestamp="23 Feb 2019 09:03:02 GMT" time="15.010" errors="0">
  <testcase name="amountdepoit_test" time="15.010" classname="test.TC_03_Ammount_Deposit_test"/>
</testsuite> <!-- test.TC_03_Ammount_Deposit_test -->
