<?xml version="1.0" encoding="UTF-8"?>
<!-- Generated by org.testng.reporters.JUnitReportReporter -->
<testsuite hostname="Rajni-PC" name="test.TC_02_AddNewCustomer_Test_1" tests="1" failures="0" timestamp="21 Feb 2019 17:02:48 GMT" time="28.780" errors="0">
  <testcase name="newcustomer_Test" time="28.780" classname="test.TC_02_AddNewCustomer_Test_1"/>
</testsuite> <!-- test.TC_02_AddNewCustomer_Test_1 -->
